13:38:38.394 [main] INFO  org.UnDosTres.test.PaymentDetailPageTest - Currently executing PaymentDetail Test cases, Initializing browser Chrome
13:38:45.460 [main] INFO  UnDosTres - Browser->chrome has been opened successfully
13:38:53.269 [main] INFO  org.UnDosTres.util.PerformAction - Getting the readiness of the page
13:38:55.307 [main] INFO  org.UnDosTres.util.PerformAction - Page is ready
13:38:55.307 [main] INFO  org.UnDosTres.util.PerformAction - Waiting for the element to be clickable-->>[[ChromeDriver: chrome on WINDOWS (c62e4e621a1c5cebd9de131106954e4e)] -> xpath: //div[@to-do="mobile"]/div/div[@class="form"] //input[@name="operator"]]
13:38:55.706 [main] INFO  org.UnDosTres.util.PerformAction - Successfully moved to the element and clicked-->>[[ChromeDriver: chrome on WINDOWS (c62e4e621a1c5cebd9de131106954e4e)] -> xpath: //div[@to-do="mobile"]/div/div[@class="form"] //input[@name="operator"]]
13:38:55.708 [main] INFO  UnDosTres - Click on the operator field to open the operator list
13:38:56.170 [main] INFO  UnDosTres - Oprator list has been found, number of operator in list are->14
13:38:56.171 [main] INFO  org.UnDosTres.util.PerformAction - Getting the readiness of the page
13:38:56.187 [main] INFO  org.UnDosTres.util.PerformAction - Page is ready
13:38:56.187 [main] INFO  org.UnDosTres.util.PerformAction - Getting text with the help of getText method
13:38:56.260 [main] INFO  org.UnDosTres.util.PerformAction - Text has been found with getText method which is-->>Telcel
13:38:56.260 [main] INFO  org.UnDosTres.util.PerformAction - Getting the readiness of the page
13:38:56.273 [main] INFO  org.UnDosTres.util.PerformAction - Page is ready
13:38:56.273 [main] INFO  org.UnDosTres.util.PerformAction - Waiting for the element to be clickable-->>[[ChromeDriver: chrome on WINDOWS (c62e4e621a1c5cebd9de131106954e4e)] -> xpath: //input[@id="suggested"]/../div/ul/li]
13:38:56.677 [main] INFO  org.UnDosTres.util.PerformAction - Successfully moved to the element and clicked-->>[[ChromeDriver: chrome on WINDOWS (c62e4e621a1c5cebd9de131106954e4e)] -> xpath: //input[@id="suggested"]/../div/ul/li]
13:38:56.677 [main] INFO  UnDosTres - Operator selected as Telcel successfully
13:38:56.699 [main] INFO  org.UnDosTres.util.PerformAction - Getting the readiness of the page
13:38:56.711 [main] INFO  org.UnDosTres.util.PerformAction - Page is ready
13:38:56.711 [main] INFO  org.UnDosTres.util.PerformAction - Waiting until field is clickable->[[ChromeDriver: chrome on WINDOWS (c62e4e621a1c5cebd9de131106954e4e)] -> xpath: //div[@to-do="mobile"]/div/div[@class="form"] //input[@name="mobile"]]
13:38:56.877 [main] INFO  org.UnDosTres.util.PerformAction - Moving to the element-->[[ChromeDriver: chrome on WINDOWS (c62e4e621a1c5cebd9de131106954e4e)] -> xpath: //div[@to-do="mobile"]/div/div[@class="form"] //input[@name="mobile"]]
13:38:56.939 [main] INFO  org.UnDosTres.util.PerformAction - Clear data from the field if present-->[[ChromeDriver: chrome on WINDOWS (c62e4e621a1c5cebd9de131106954e4e)] -> xpath: //div[@to-do="mobile"]/div/div[@class="form"] //input[@name="mobile"]]
13:38:57.131 [main] INFO  org.UnDosTres.util.PerformAction - Field has been populated with data-->>5523261151
13:38:57.173 [main] INFO  org.UnDosTres.util.PerformAction - Validate with attribute value that field populated with data-->>5523261151
13:38:57.175 [main] INFO  UnDosTres - Mobile Number->5523261151 has been entered successfully
13:38:57.205 [main] INFO  org.UnDosTres.util.PerformAction - Getting the readiness of the page
13:38:57.214 [main] INFO  org.UnDosTres.util.PerformAction - Page is ready
13:38:57.214 [main] INFO  org.UnDosTres.util.PerformAction - Waiting for the element to be clickable-->>[[ChromeDriver: chrome on WINDOWS (c62e4e621a1c5cebd9de131106954e4e)] -> xpath: //div[@to-do="mobile"]/div/div[@class="form"] //input[@name="amount"]]
13:38:57.504 [main] INFO  org.UnDosTres.util.PerformAction - Successfully moved to the element and clicked-->>[[ChromeDriver: chrome on WINDOWS (c62e4e621a1c5cebd9de131106954e4e)] -> xpath: //div[@to-do="mobile"]/div/div[@class="form"] //input[@name="amount"]]
13:38:57.504 [main] INFO  UnDosTres - Getting recharge type web element Recarga Saldo
13:38:57.527 [main] INFO  UnDosTres - Recharge type webelement has been found successfully
13:38:57.527 [main] INFO  org.UnDosTres.util.PerformAction - Getting the readiness of the page
13:38:57.551 [main] INFO  org.UnDosTres.util.PerformAction - Page is ready
13:38:57.552 [main] INFO  org.UnDosTres.util.PerformAction - Waiting for the element to be clickable-->>[[ChromeDriver: chrome on WINDOWS (c62e4e621a1c5cebd9de131106954e4e)] -> xpath: //div[@class="category-tab "]/div[text()="Recarga Saldo"]]
13:38:57.790 [main] INFO  org.UnDosTres.util.PerformAction - Successfully moved to the element and clicked-->>[[ChromeDriver: chrome on WINDOWS (c62e4e621a1c5cebd9de131106954e4e)] -> xpath: //div[@class="category-tab "]/div[text()="Recarga Saldo"]]
13:38:57.790 [main] INFO  UnDosTres - Click over Recharge type->Recarga Saldo
13:38:57.835 [main] INFO  org.UnDosTres.util.PerformAction - Getting the readiness of the page
13:38:57.851 [main] INFO  org.UnDosTres.util.PerformAction - Page is ready
13:38:57.852 [main] INFO  org.UnDosTres.util.PerformAction - Getting text with the help of getText method
13:38:57.904 [main] INFO  org.UnDosTres.util.PerformAction - Text has been found with getText method which is-->>Recarga Saldo
13:38:58.126 [main] INFO  UnDosTres - Clicked on the amount 10
13:38:58.126 [main] INFO  UnDosTres - Going to click on submit button to move towards payment page
13:38:58.152 [main] INFO  org.UnDosTres.util.PerformAction - Getting the readiness of the page
13:38:58.161 [main] INFO  org.UnDosTres.util.PerformAction - Page is ready
13:38:58.162 [main] INFO  org.UnDosTres.util.PerformAction - Waiting for the element to be clickable-->>[[ChromeDriver: chrome on WINDOWS (c62e4e621a1c5cebd9de131106954e4e)] -> xpath: //div[@to-do="mobile"]/div //button]
13:38:59.238 [main] INFO  org.UnDosTres.util.PerformAction - Successfully moved to the element and clicked-->>[[ChromeDriver: chrome on WINDOWS (c62e4e621a1c5cebd9de131106954e4e)] -> xpath: //div[@to-do="mobile"]/div //button]
13:38:59.238 [main] INFO  UnDosTres - Clicked on perform payment button
13:39:01.551 [main] INFO  org.UnDosTres.util.PerformAction - Getting the readiness of the page
13:39:27.839 [main] INFO  org.UnDosTres.util.PerformAction - Page is ready
13:39:27.840 [main] INFO  org.UnDosTres.util.PerformAction - Waiting for the element to be clickable-->>[[ChromeDriver: chrome on WINDOWS (c62e4e621a1c5cebd9de131106954e4e)] -> xpath: //a[contains(@class,'select-card')]]
13:39:28.185 [main] INFO  org.UnDosTres.util.PerformAction - Successfully moved to the element and clicked-->>[[ChromeDriver: chrome on WINDOWS (c62e4e621a1c5cebd9de131106954e4e)] -> xpath: //a[contains(@class,'select-card')]]
13:39:28.212 [main] INFO  org.UnDosTres.util.PerformAction - Getting the readiness of the page
13:39:28.222 [main] INFO  org.UnDosTres.util.PerformAction - Page is ready
13:39:28.222 [main] INFO  org.UnDosTres.util.PerformAction - Waiting until field is clickable->[[ChromeDriver: chrome on WINDOWS (c62e4e621a1c5cebd9de131106954e4e)] -> xpath: //div[@class="card-info-box"] //input[@name="cardname"]]
13:39:28.454 [main] INFO  org.UnDosTres.util.PerformAction - Moving to the element-->[[ChromeDriver: chrome on WINDOWS (c62e4e621a1c5cebd9de131106954e4e)] -> xpath: //div[@class="card-info-box"] //input[@name="cardname"]]
13:39:28.594 [main] INFO  org.UnDosTres.util.PerformAction - Clear data from the field if present-->[[ChromeDriver: chrome on WINDOWS (c62e4e621a1c5cebd9de131106954e4e)] -> xpath: //div[@class="card-info-box"] //input[@name="cardname"]]
13:39:28.732 [main] INFO  org.UnDosTres.util.PerformAction - Field has been populated with data-->>Test
13:39:28.799 [main] INFO  org.UnDosTres.util.PerformAction - Validate with attribute value that field populated with data-->>Test
13:39:28.843 [main] INFO  org.UnDosTres.util.PerformAction - Getting the readiness of the page
13:39:28.856 [main] INFO  org.UnDosTres.util.PerformAction - Page is ready
13:39:28.856 [main] INFO  org.UnDosTres.util.PerformAction - Waiting until field is clickable->[[ChromeDriver: chrome on WINDOWS (c62e4e621a1c5cebd9de131106954e4e)] -> id: cardnumberunique]
13:39:29.051 [main] INFO  org.UnDosTres.util.PerformAction - Moving to the element-->[[ChromeDriver: chrome on WINDOWS (c62e4e621a1c5cebd9de131106954e4e)] -> id: cardnumberunique]
13:39:29.168 [main] INFO  org.UnDosTres.util.PerformAction - Clear data from the field if present-->[[ChromeDriver: chrome on WINDOWS (c62e4e621a1c5cebd9de131106954e4e)] -> id: cardnumberunique]
13:39:29.420 [main] INFO  org.UnDosTres.util.PerformAction - Field has been populated with data-->>4111111111111111
13:39:29.472 [main] INFO  org.UnDosTres.util.PerformAction - Validate with attribute value that field populated with data-->>4111111111111111
13:39:29.508 [main] INFO  org.UnDosTres.util.PerformAction - Getting the readiness of the page
13:39:29.519 [main] INFO  org.UnDosTres.util.PerformAction - Page is ready
13:39:29.519 [main] INFO  org.UnDosTres.util.PerformAction - Waiting until field is clickable->[[ChromeDriver: chrome on WINDOWS (c62e4e621a1c5cebd9de131106954e4e)] -> xpath: //div[@class="card-info-box"] //input[@name="expmonth"]]
13:39:29.700 [main] INFO  org.UnDosTres.util.PerformAction - Moving to the element-->[[ChromeDriver: chrome on WINDOWS (c62e4e621a1c5cebd9de131106954e4e)] -> xpath: //div[@class="card-info-box"] //input[@name="expmonth"]]
13:39:29.842 [main] INFO  org.UnDosTres.util.PerformAction - Clear data from the field if present-->[[ChromeDriver: chrome on WINDOWS (c62e4e621a1c5cebd9de131106954e4e)] -> xpath: //div[@class="card-info-box"] //input[@name="expmonth"]]
13:39:30.047 [main] INFO  org.UnDosTres.util.PerformAction - Field has been populated with data-->>11
13:39:30.149 [main] INFO  org.UnDosTres.util.PerformAction - Validate with attribute value that field populated with data-->>11
13:39:30.196 [main] INFO  org.UnDosTres.util.PerformAction - Getting the readiness of the page
13:39:30.216 [main] INFO  org.UnDosTres.util.PerformAction - Page is ready
13:39:30.216 [main] INFO  org.UnDosTres.util.PerformAction - Waiting until field is clickable->[[ChromeDriver: chrome on WINDOWS (c62e4e621a1c5cebd9de131106954e4e)] -> xpath: //div[@class="card-info-box"] //input[@name="expyear"]]
13:39:30.449 [main] INFO  org.UnDosTres.util.PerformAction - Moving to the element-->[[ChromeDriver: chrome on WINDOWS (c62e4e621a1c5cebd9de131106954e4e)] -> xpath: //div[@class="card-info-box"] //input[@name="expyear"]]
13:39:30.545 [main] INFO  org.UnDosTres.util.PerformAction - Clear data from the field if present-->[[ChromeDriver: chrome on WINDOWS (c62e4e621a1c5cebd9de131106954e4e)] -> xpath: //div[@class="card-info-box"] //input[@name="expyear"]]
13:39:30.714 [main] INFO  org.UnDosTres.util.PerformAction - Field has been populated with data-->>2025
13:39:30.768 [main] INFO  org.UnDosTres.util.PerformAction - Validate with attribute value that field populated with data-->>2025
13:39:30.793 [main] INFO  org.UnDosTres.util.PerformAction - Getting the readiness of the page
13:39:30.803 [main] INFO  org.UnDosTres.util.PerformAction - Page is ready
13:39:30.804 [main] INFO  org.UnDosTres.util.PerformAction - Waiting until field is clickable->[[ChromeDriver: chrome on WINDOWS (c62e4e621a1c5cebd9de131106954e4e)] -> xpath: //div[@class="card-info-box"] //input[@name="cvvno"]]
13:39:30.992 [main] INFO  org.UnDosTres.util.PerformAction - Moving to the element-->[[ChromeDriver: chrome on WINDOWS (c62e4e621a1c5cebd9de131106954e4e)] -> xpath: //div[@class="card-info-box"] //input[@name="cvvno"]]
13:39:31.052 [main] INFO  org.UnDosTres.util.PerformAction - Clear data from the field if present-->[[ChromeDriver: chrome on WINDOWS (c62e4e621a1c5cebd9de131106954e4e)] -> xpath: //div[@class="card-info-box"] //input[@name="cvvno"]]
13:39:31.139 [main] INFO  org.UnDosTres.util.PerformAction - Field has been populated with data-->>111
13:39:31.171 [main] INFO  org.UnDosTres.util.PerformAction - Validate with attribute value that field populated with data-->>111
13:39:31.198 [main] INFO  org.UnDosTres.util.PerformAction - Getting the readiness of the page
13:39:31.209 [main] INFO  org.UnDosTres.util.PerformAction - Page is ready
13:39:31.209 [main] INFO  org.UnDosTres.util.PerformAction - Waiting until field is clickable->[[ChromeDriver: chrome on WINDOWS (c62e4e621a1c5cebd9de131106954e4e)] -> css selector: div#email_block input.email]
13:39:31.385 [main] INFO  org.UnDosTres.util.PerformAction - Moving to the element-->[[ChromeDriver: chrome on WINDOWS (c62e4e621a1c5cebd9de131106954e4e)] -> css selector: div#email_block input.email]
13:39:31.519 [main] INFO  org.UnDosTres.util.PerformAction - Clear data from the field if present-->[[ChromeDriver: chrome on WINDOWS (c62e4e621a1c5cebd9de131106954e4e)] -> css selector: div#email_block input.email]
13:39:31.686 [main] INFO  org.UnDosTres.util.PerformAction - Field has been populated with data-->>test@test.com
13:39:31.749 [main] INFO  org.UnDosTres.util.PerformAction - Validate with attribute value that field populated with data-->>test@test.com
13:39:31.777 [main] INFO  org.UnDosTres.util.PerformAction - Getting the readiness of the page
13:39:31.788 [main] INFO  org.UnDosTres.util.PerformAction - Page is ready
13:39:31.789 [main] INFO  org.UnDosTres.util.PerformAction - Waiting for the element to be clickable-->>[[ChromeDriver: chrome on WINDOWS (c62e4e621a1c5cebd9de131106954e4e)] -> name: formsubmit]
13:39:34.663 [main] INFO  org.UnDosTres.util.PerformAction - Successfully moved to the element and clicked-->>[[ChromeDriver: chrome on WINDOWS (c62e4e621a1c5cebd9de131106954e4e)] -> name: formsubmit]
13:39:34.677 [main] INFO  UnDosTres - ChromeBrowser Start Execution of test case ->validatePaymentHasBeenCompletedThroughCard
13:39:34.731 [main] INFO  org.UnDosTres.util.PerformAction - Getting the readiness of the page
13:39:34.771 [main] INFO  org.UnDosTres.util.PerformAction - Page is ready
13:39:34.771 [main] INFO  org.UnDosTres.util.PerformAction - Waiting until field is clickable->[[ChromeDriver: chrome on WINDOWS (c62e4e621a1c5cebd9de131106954e4e)] -> css selector: #usrname]
13:39:34.962 [main] INFO  org.UnDosTres.util.PerformAction - Moving to the element-->[[ChromeDriver: chrome on WINDOWS (c62e4e621a1c5cebd9de131106954e4e)] -> css selector: #usrname]
13:39:35.038 [main] INFO  org.UnDosTres.util.PerformAction - Clear data from the field if present-->[[ChromeDriver: chrome on WINDOWS (c62e4e621a1c5cebd9de131106954e4e)] -> css selector: #usrname]
13:39:35.233 [main] INFO  org.UnDosTres.util.PerformAction - Field has been populated with data-->>automationexcersise@test.com
13:39:35.270 [main] INFO  org.UnDosTres.util.PerformAction - Validate with attribute value that field populated with data-->>automationexcersise@test.com
13:39:35.288 [main] INFO  org.UnDosTres.util.PerformAction - Getting the readiness of the page
13:39:35.305 [main] INFO  org.UnDosTres.util.PerformAction - Page is ready
13:39:35.305 [main] INFO  org.UnDosTres.util.PerformAction - Waiting until field is clickable->[[ChromeDriver: chrome on WINDOWS (c62e4e621a1c5cebd9de131106954e4e)] -> css selector: #psw]
13:39:35.493 [main] INFO  org.UnDosTres.util.PerformAction - Moving to the element-->[[ChromeDriver: chrome on WINDOWS (c62e4e621a1c5cebd9de131106954e4e)] -> css selector: #psw]
13:39:35.566 [main] INFO  org.UnDosTres.util.PerformAction - Clear data from the field if present-->[[ChromeDriver: chrome on WINDOWS (c62e4e621a1c5cebd9de131106954e4e)] -> css selector: #psw]
13:39:35.640 [main] INFO  org.UnDosTres.util.PerformAction - Field has been populated with data-->>123456
13:39:35.668 [main] INFO  org.UnDosTres.util.PerformAction - Validate with attribute value that field populated with data-->>123456
13:39:35.690 [main] INFO  org.UnDosTres.pages.PaymentDetailPage - Number of iframes are 11
13:39:35.868 [main] INFO  org.UnDosTres.util.PerformAction - Getting the readiness of the page
13:39:35.881 [main] INFO  org.UnDosTres.util.PerformAction - Page is ready
13:39:35.882 [main] INFO  org.UnDosTres.util.PerformAction - Waiting for the element to be clickable-->>[[ChromeDriver: chrome on WINDOWS (c62e4e621a1c5cebd9de131106954e4e)] -> css selector: #recaptcha-anchor]
13:39:36.404 [main] INFO  org.UnDosTres.util.PerformAction - Successfully moved to the element and clicked-->>[[ChromeDriver: chrome on WINDOWS (c62e4e621a1c5cebd9de131106954e4e)] -> css selector: #recaptcha-anchor]
13:39:36.435 [main] INFO  org.UnDosTres.util.PerformAction - Getting the readiness of the page
13:39:36.444 [main] INFO  org.UnDosTres.util.PerformAction - Page is ready
13:39:36.444 [main] INFO  org.UnDosTres.util.PerformAction - Waiting for the element to be clickable-->>[[ChromeDriver: chrome on WINDOWS (c62e4e621a1c5cebd9de131106954e4e)] -> css selector: button#loginBtn]
13:39:37.788 [main] INFO  org.UnDosTres.util.PerformAction - Successfully moved to the element and clicked-->>[[ChromeDriver: chrome on WINDOWS (c62e4e621a1c5cebd9de131106954e4e)] -> css selector: button#loginBtn]
13:39:37.789 [main] ERROR org.UnDosTres.pages.PaymentDetailPage - Waiting for invisibility of the pop up and naviagtion to payment done page
13:39:58.531 [main] ERROR org.UnDosTres.pages.PaymentDetailPage - Pop Up Is Still Visbile Unable to check if recharge is successfull 
org.openqa.selenium.TimeoutException: Expected condition failed: waiting for element to no longer be visible: By.cssSelector: img.fbloginButton (tried for 20 second(s) with 2000 milliseconds interval)
Build info: version: '3.141.59', revision: 'e82be7d358', time: '2018-11-14T08:17:03'
System info: host: 'LAPTOP-S4EEHFLF', ip: '192.168.1.6', os.name: 'Windows 10', os.arch: 'amd64', os.version: '10.0', java.version: '1.8.0_261'
Driver info: driver.version: unknown
	at org.UnDosTres.pages.PaymentDetailPage.fillPopUpAndClickSubmit(PaymentDetailPage.java:165) ~[classes/:?]
	at org.UnDosTres.test.PaymentDetailPageTest.validatePaymentHasBeenCompletedThroughCard(PaymentDetailPageTest.java:95) ~[test-classes/:?]
	at sun.reflect.NativeMethodAccessorImpl.invoke0(Native Method) ~[?:1.8.0_261]
	at sun.reflect.NativeMethodAccessorImpl.invoke(NativeMethodAccessorImpl.java:62) ~[?:1.8.0_261]
	at sun.reflect.DelegatingMethodAccessorImpl.invoke(DelegatingMethodAccessorImpl.java:43) ~[?:1.8.0_261]
	at java.lang.reflect.Method.invoke(Method.java:498) ~[?:1.8.0_261]
	at org.testng.internal.MethodInvocationHelper.invokeMethod(MethodInvocationHelper.java:134) ~[testng-7.1.0.jar:?]
	at org.testng.internal.TestInvoker.invokeMethod(TestInvoker.java:597) ~[testng-7.1.0.jar:?]
	at org.testng.internal.TestInvoker.invokeTestMethod(TestInvoker.java:173) ~[testng-7.1.0.jar:?]
	at org.testng.internal.MethodRunner.runInSequence(MethodRunner.java:46) ~[testng-7.1.0.jar:?]
	at org.testng.internal.TestInvoker$MethodInvocationAgent.invoke(TestInvoker.java:816) ~[testng-7.1.0.jar:?]
	at org.testng.internal.TestInvoker.invokeTestMethods(TestInvoker.java:146) ~[testng-7.1.0.jar:?]
	at org.testng.internal.TestMethodWorker.invokeTestMethods(TestMethodWorker.java:146) ~[testng-7.1.0.jar:?]
	at org.testng.internal.TestMethodWorker.run(TestMethodWorker.java:128) ~[testng-7.1.0.jar:?]
	at java.util.ArrayList.forEach(ArrayList.java:1259) [?:1.8.0_261]
	at org.testng.TestRunner.privateRun(TestRunner.java:766) [testng-7.1.0.jar:?]
	at org.testng.TestRunner.run(TestRunner.java:587) [testng-7.1.0.jar:?]
	at org.testng.SuiteRunner.runTest(SuiteRunner.java:384) [testng-7.1.0.jar:?]
	at org.testng.SuiteRunner.runSequentially(SuiteRunner.java:378) [testng-7.1.0.jar:?]
	at org.testng.SuiteRunner.privateRun(SuiteRunner.java:337) [testng-7.1.0.jar:?]
	at org.testng.SuiteRunner.run(SuiteRunner.java:286) [testng-7.1.0.jar:?]
	at org.testng.SuiteRunnerWorker.runSuite(SuiteRunnerWorker.java:53) [testng-7.1.0.jar:?]
	at org.testng.SuiteRunnerWorker.run(SuiteRunnerWorker.java:96) [testng-7.1.0.jar:?]
	at org.testng.TestNG.runSuitesSequentially(TestNG.java:1187) [testng-7.1.0.jar:?]
	at org.testng.TestNG.runSuitesLocally(TestNG.java:1109) [testng-7.1.0.jar:?]
	at org.testng.TestNG.runSuites(TestNG.java:1039) [testng-7.1.0.jar:?]
	at org.testng.TestNG.run(TestNG.java:1007) [testng-7.1.0.jar:?]
	at org.apache.maven.surefire.testng.TestNGExecutor.run(TestNGExecutor.java:283) [surefire-testng-2.22.1.jar:2.22.1]
	at org.apache.maven.surefire.testng.TestNGXmlTestSuite.execute(TestNGXmlTestSuite.java:75) [surefire-testng-2.22.1.jar:2.22.1]
	at org.apache.maven.surefire.testng.TestNGProvider.invoke(TestNGProvider.java:120) [surefire-testng-2.22.1.jar:2.22.1]
	at org.apache.maven.surefire.booter.ForkedBooter.invokeProviderInSameClassLoader(ForkedBooter.java:384) [surefire-booter-2.22.1.jar:2.22.1]
	at org.apache.maven.surefire.booter.ForkedBooter.runSuitesInProcess(ForkedBooter.java:345) [surefire-booter-2.22.1.jar:2.22.1]
	at org.apache.maven.surefire.booter.ForkedBooter.execute(ForkedBooter.java:126) [surefire-booter-2.22.1.jar:2.22.1]
	at org.apache.maven.surefire.booter.ForkedBooter.main(ForkedBooter.java:418) [surefire-booter-2.22.1.jar:2.22.1]
13:39:58.580 [main] INFO  UnDosTres - Going to take screenshot for test case->validatePaymentHasBeenCompletedThroughCard
13:39:58.580 [main] INFO  UnDosTres - Screenshot has been taken
13:39:59.057 [main] INFO  UnDosTres - Screenshot has been stored in screenshot folder
13:39:59.800 [main] INFO  org.UnDosTres.test.PaymentDetailPageTest - Currently executing PaymentDetail Test cases, Initializing browser FireFox
13:40:08.180 [main] INFO  UnDosTres - Browser->firefox has been opened successfully
13:40:17.216 [main] INFO  org.UnDosTres.util.PerformAction - Getting the readiness of the page
13:40:17.875 [main] INFO  org.UnDosTres.util.PerformAction - Page is ready
13:40:17.876 [main] INFO  org.UnDosTres.util.PerformAction - Waiting for the element to be clickable-->>[[FirefoxDriver: firefox on WINDOWS (3b63b5c9-80b7-4a6d-ba2c-c5f1b023fe36)] -> xpath: //div[@to-do="mobile"]/div/div[@class="form"] //input[@name="operator"]]
13:40:18.299 [main] INFO  org.UnDosTres.util.PerformAction - Successfully moved to the element and clicked-->>[[FirefoxDriver: firefox on WINDOWS (3b63b5c9-80b7-4a6d-ba2c-c5f1b023fe36)] -> xpath: //div[@to-do="mobile"]/div/div[@class="form"] //input[@name="operator"]]
13:40:18.300 [main] INFO  UnDosTres - Click on the operator field to open the operator list
13:40:19.228 [main] INFO  UnDosTres - Oprator list has been found, number of operator in list are->14
13:40:19.229 [main] INFO  org.UnDosTres.util.PerformAction - Getting the readiness of the page
13:40:19.242 [main] INFO  org.UnDosTres.util.PerformAction - Page is ready
13:40:19.242 [main] INFO  org.UnDosTres.util.PerformAction - Getting text with the help of getText method
13:40:19.315 [main] INFO  org.UnDosTres.util.PerformAction - Text has been found with getText method which is-->>Telcel
13:40:19.316 [main] INFO  org.UnDosTres.util.PerformAction - Getting the readiness of the page
13:40:19.334 [main] INFO  org.UnDosTres.util.PerformAction - Page is ready
13:40:19.334 [main] INFO  org.UnDosTres.util.PerformAction - Waiting for the element to be clickable-->>[[FirefoxDriver: firefox on WINDOWS (3b63b5c9-80b7-4a6d-ba2c-c5f1b023fe36)] -> xpath: //input[@id="suggested"]/../div/ul/li]
13:40:19.619 [main] INFO  org.UnDosTres.util.PerformAction - Successfully moved to the element and clicked-->>[[FirefoxDriver: firefox on WINDOWS (3b63b5c9-80b7-4a6d-ba2c-c5f1b023fe36)] -> xpath: //input[@id="suggested"]/../div/ul/li]
13:40:19.619 [main] INFO  UnDosTres - Operator selected as Telcel successfully
13:40:19.674 [main] INFO  org.UnDosTres.util.PerformAction - Getting the readiness of the page
13:40:19.690 [main] INFO  org.UnDosTres.util.PerformAction - Page is ready
13:40:19.690 [main] INFO  org.UnDosTres.util.PerformAction - Waiting until field is clickable->[[FirefoxDriver: firefox on WINDOWS (3b63b5c9-80b7-4a6d-ba2c-c5f1b023fe36)] -> xpath: //div[@to-do="mobile"]/div/div[@class="form"] //input[@name="mobile"]]
13:40:19.901 [main] INFO  org.UnDosTres.util.PerformAction - Moving to the element-->[[FirefoxDriver: firefox on WINDOWS (3b63b5c9-80b7-4a6d-ba2c-c5f1b023fe36)] -> xpath: //div[@to-do="mobile"]/div/div[@class="form"] //input[@name="mobile"]]
13:40:19.940 [main] INFO  org.UnDosTres.util.PerformAction - Clear data from the field if present-->[[FirefoxDriver: firefox on WINDOWS (3b63b5c9-80b7-4a6d-ba2c-c5f1b023fe36)] -> xpath: //div[@to-do="mobile"]/div/div[@class="form"] //input[@name="mobile"]]
13:40:20.024 [main] INFO  org.UnDosTres.util.PerformAction - Field has been populated with data-->>5523261151
13:40:20.088 [main] INFO  org.UnDosTres.util.PerformAction - Validate with attribute value that field populated with data-->>5523261151
13:40:20.089 [main] INFO  UnDosTres - Mobile Number->5523261151 has been entered successfully
13:40:20.105 [main] INFO  org.UnDosTres.util.PerformAction - Getting the readiness of the page
13:40:20.121 [main] INFO  org.UnDosTres.util.PerformAction - Page is ready
13:40:20.122 [main] INFO  org.UnDosTres.util.PerformAction - Waiting for the element to be clickable-->>[[FirefoxDriver: firefox on WINDOWS (3b63b5c9-80b7-4a6d-ba2c-c5f1b023fe36)] -> xpath: //div[@to-do="mobile"]/div/div[@class="form"] //input[@name="amount"]]
13:40:20.502 [main] INFO  org.UnDosTres.util.PerformAction - Successfully moved to the element and clicked-->>[[FirefoxDriver: firefox on WINDOWS (3b63b5c9-80b7-4a6d-ba2c-c5f1b023fe36)] -> xpath: //div[@to-do="mobile"]/div/div[@class="form"] //input[@name="amount"]]
13:40:20.503 [main] INFO  UnDosTres - Getting recharge type web element Recarga Saldo
13:40:20.522 [main] INFO  UnDosTres - Recharge type webelement has been found successfully
13:40:20.522 [main] INFO  org.UnDosTres.util.PerformAction - Getting the readiness of the page
13:40:20.553 [main] INFO  org.UnDosTres.util.PerformAction - Page is ready
13:40:20.553 [main] INFO  org.UnDosTres.util.PerformAction - Waiting for the element to be clickable-->>[[FirefoxDriver: firefox on WINDOWS (3b63b5c9-80b7-4a6d-ba2c-c5f1b023fe36)] -> xpath: //div[@class="category-tab "]/div[text()="Recarga Saldo"]]
13:40:20.818 [main] INFO  org.UnDosTres.util.PerformAction - Successfully moved to the element and clicked-->>[[FirefoxDriver: firefox on WINDOWS (3b63b5c9-80b7-4a6d-ba2c-c5f1b023fe36)] -> xpath: //div[@class="category-tab "]/div[text()="Recarga Saldo"]]
13:40:20.819 [main] INFO  UnDosTres - Click over Recharge type->Recarga Saldo
13:40:20.845 [main] INFO  org.UnDosTres.util.PerformAction - Getting the readiness of the page
13:40:20.871 [main] INFO  org.UnDosTres.util.PerformAction - Page is ready
13:40:20.871 [main] INFO  org.UnDosTres.util.PerformAction - Getting text with the help of getText method
13:40:20.916 [main] INFO  org.UnDosTres.util.PerformAction - Text has been found with getText method which is-->>Recarga Saldo
13:40:21.291 [main] INFO  UnDosTres - Clicked on the amount 10
13:40:21.291 [main] INFO  UnDosTres - Going to click on submit button to move towards payment page
13:40:21.304 [main] INFO  org.UnDosTres.util.PerformAction - Getting the readiness of the page
13:40:21.317 [main] INFO  org.UnDosTres.util.PerformAction - Page is ready
13:40:21.317 [main] INFO  org.UnDosTres.util.PerformAction - Waiting for the element to be clickable-->>[[FirefoxDriver: firefox on WINDOWS (3b63b5c9-80b7-4a6d-ba2c-c5f1b023fe36)] -> xpath: //div[@to-do="mobile"]/div //button]
13:40:22.065 [main] INFO  org.UnDosTres.util.PerformAction - Successfully moved to the element and clicked-->>[[FirefoxDriver: firefox on WINDOWS (3b63b5c9-80b7-4a6d-ba2c-c5f1b023fe36)] -> xpath: //div[@to-do="mobile"]/div //button]
13:40:22.066 [main] INFO  UnDosTres - Clicked on perform payment button
13:40:24.417 [main] INFO  org.UnDosTres.util.PerformAction - Getting the readiness of the page
13:40:32.621 [main] INFO  org.UnDosTres.util.PerformAction - Page is ready
13:40:32.621 [main] INFO  org.UnDosTres.util.PerformAction - Waiting for the element to be clickable-->>[[FirefoxDriver: firefox on WINDOWS (3b63b5c9-80b7-4a6d-ba2c-c5f1b023fe36)] -> xpath: //a[contains(@class,'select-card')]]
13:40:32.888 [main] INFO  org.UnDosTres.util.PerformAction - Successfully moved to the element and clicked-->>[[FirefoxDriver: firefox on WINDOWS (3b63b5c9-80b7-4a6d-ba2c-c5f1b023fe36)] -> xpath: //a[contains(@class,'select-card')]]
13:40:32.939 [main] INFO  org.UnDosTres.util.PerformAction - Getting the readiness of the page
13:40:33.022 [main] INFO  org.UnDosTres.util.PerformAction - Page is ready
13:40:33.023 [main] INFO  org.UnDosTres.util.PerformAction - Waiting until field is clickable->[[FirefoxDriver: firefox on WINDOWS (3b63b5c9-80b7-4a6d-ba2c-c5f1b023fe36)] -> xpath: //div[@class="card-info-box"] //input[@name="cardname"]]
13:40:33.222 [main] INFO  org.UnDosTres.util.PerformAction - Moving to the element-->[[FirefoxDriver: firefox on WINDOWS (3b63b5c9-80b7-4a6d-ba2c-c5f1b023fe36)] -> xpath: //div[@class="card-info-box"] //input[@name="cardname"]]
13:40:33.267 [main] INFO  org.UnDosTres.util.PerformAction - Clear data from the field if present-->[[FirefoxDriver: firefox on WINDOWS (3b63b5c9-80b7-4a6d-ba2c-c5f1b023fe36)] -> xpath: //div[@class="card-info-box"] //input[@name="cardname"]]
13:40:33.355 [main] INFO  org.UnDosTres.util.PerformAction - Field has been populated with data-->>Test
13:40:33.394 [main] INFO  org.UnDosTres.util.PerformAction - Validate with attribute value that field populated with data-->>Test
13:40:33.409 [main] INFO  org.UnDosTres.util.PerformAction - Getting the readiness of the page
13:40:33.425 [main] INFO  org.UnDosTres.util.PerformAction - Page is ready
13:40:33.425 [main] INFO  org.UnDosTres.util.PerformAction - Waiting until field is clickable->[[FirefoxDriver: firefox on WINDOWS (3b63b5c9-80b7-4a6d-ba2c-c5f1b023fe36)] -> id: cardnumberunique]
13:40:33.622 [main] INFO  org.UnDosTres.util.PerformAction - Moving to the element-->[[FirefoxDriver: firefox on WINDOWS (3b63b5c9-80b7-4a6d-ba2c-c5f1b023fe36)] -> id: cardnumberunique]
13:40:33.676 [main] INFO  org.UnDosTres.util.PerformAction - Clear data from the field if present-->[[FirefoxDriver: firefox on WINDOWS (3b63b5c9-80b7-4a6d-ba2c-c5f1b023fe36)] -> id: cardnumberunique]
13:40:33.885 [main] INFO  org.UnDosTres.util.PerformAction - Field has been populated with data-->>4111111111111111
13:40:33.968 [main] INFO  org.UnDosTres.util.PerformAction - Validate with attribute value that field populated with data-->>4111111111111111
13:40:33.989 [main] INFO  org.UnDosTres.util.PerformAction - Getting the readiness of the page
13:40:34.017 [main] INFO  org.UnDosTres.util.PerformAction - Page is ready
13:40:34.018 [main] INFO  org.UnDosTres.util.PerformAction - Waiting until field is clickable->[[FirefoxDriver: firefox on WINDOWS (3b63b5c9-80b7-4a6d-ba2c-c5f1b023fe36)] -> xpath: //div[@class="card-info-box"] //input[@name="expmonth"]]
13:40:34.213 [main] INFO  org.UnDosTres.util.PerformAction - Moving to the element-->[[FirefoxDriver: firefox on WINDOWS (3b63b5c9-80b7-4a6d-ba2c-c5f1b023fe36)] -> xpath: //div[@class="card-info-box"] //input[@name="expmonth"]]
13:40:34.249 [main] INFO  org.UnDosTres.util.PerformAction - Clear data from the field if present-->[[FirefoxDriver: firefox on WINDOWS (3b63b5c9-80b7-4a6d-ba2c-c5f1b023fe36)] -> xpath: //div[@class="card-info-box"] //input[@name="expmonth"]]
13:40:34.292 [main] INFO  org.UnDosTres.util.PerformAction - Field has been populated with data-->>11
13:40:34.350 [main] INFO  org.UnDosTres.util.PerformAction - Validate with attribute value that field populated with data-->>11
13:40:34.363 [main] INFO  org.UnDosTres.util.PerformAction - Getting the readiness of the page
13:40:34.376 [main] INFO  org.UnDosTres.util.PerformAction - Page is ready
13:40:34.376 [main] INFO  org.UnDosTres.util.PerformAction - Waiting until field is clickable->[[FirefoxDriver: firefox on WINDOWS (3b63b5c9-80b7-4a6d-ba2c-c5f1b023fe36)] -> xpath: //div[@class="card-info-box"] //input[@name="expyear"]]
13:40:34.585 [main] INFO  org.UnDosTres.util.PerformAction - Moving to the element-->[[FirefoxDriver: firefox on WINDOWS (3b63b5c9-80b7-4a6d-ba2c-c5f1b023fe36)] -> xpath: //div[@class="card-info-box"] //input[@name="expyear"]]
13:40:34.638 [main] INFO  org.UnDosTres.util.PerformAction - Clear data from the field if present-->[[FirefoxDriver: firefox on WINDOWS (3b63b5c9-80b7-4a6d-ba2c-c5f1b023fe36)] -> xpath: //div[@class="card-info-box"] //input[@name="expyear"]]
13:40:34.718 [main] INFO  org.UnDosTres.util.PerformAction - Field has been populated with data-->>2025
13:40:34.783 [main] INFO  org.UnDosTres.util.PerformAction - Validate with attribute value that field populated with data-->>2025
13:40:34.812 [main] INFO  org.UnDosTres.util.PerformAction - Getting the readiness of the page
13:40:34.830 [main] INFO  org.UnDosTres.util.PerformAction - Page is ready
13:40:34.830 [main] INFO  org.UnDosTres.util.PerformAction - Waiting until field is clickable->[[FirefoxDriver: firefox on WINDOWS (3b63b5c9-80b7-4a6d-ba2c-c5f1b023fe36)] -> xpath: //div[@class="card-info-box"] //input[@name="cvvno"]]
13:40:35.091 [main] INFO  org.UnDosTres.util.PerformAction - Moving to the element-->[[FirefoxDriver: firefox on WINDOWS (3b63b5c9-80b7-4a6d-ba2c-c5f1b023fe36)] -> xpath: //div[@class="card-info-box"] //input[@name="cvvno"]]
13:40:35.132 [main] INFO  org.UnDosTres.util.PerformAction - Clear data from the field if present-->[[FirefoxDriver: firefox on WINDOWS (3b63b5c9-80b7-4a6d-ba2c-c5f1b023fe36)] -> xpath: //div[@class="card-info-box"] //input[@name="cvvno"]]
13:40:35.193 [main] INFO  org.UnDosTres.util.PerformAction - Field has been populated with data-->>111
13:40:35.265 [main] INFO  org.UnDosTres.util.PerformAction - Validate with attribute value that field populated with data-->>111
13:40:35.285 [main] INFO  org.UnDosTres.util.PerformAction - Getting the readiness of the page
13:40:35.302 [main] INFO  org.UnDosTres.util.PerformAction - Page is ready
13:40:35.303 [main] INFO  org.UnDosTres.util.PerformAction - Waiting until field is clickable->[[FirefoxDriver: firefox on WINDOWS (3b63b5c9-80b7-4a6d-ba2c-c5f1b023fe36)] -> css selector: div#email_block input.email]
13:40:35.532 [main] INFO  org.UnDosTres.util.PerformAction - Moving to the element-->[[FirefoxDriver: firefox on WINDOWS (3b63b5c9-80b7-4a6d-ba2c-c5f1b023fe36)] -> css selector: div#email_block input.email]
13:40:35.584 [main] INFO  org.UnDosTres.util.PerformAction - Clear data from the field if present-->[[FirefoxDriver: firefox on WINDOWS (3b63b5c9-80b7-4a6d-ba2c-c5f1b023fe36)] -> css selector: div#email_block input.email]
13:40:35.658 [main] INFO  org.UnDosTres.util.PerformAction - Field has been populated with data-->>test@test.com
13:40:35.716 [main] INFO  org.UnDosTres.util.PerformAction - Validate with attribute value that field populated with data-->>test@test.com
13:40:35.726 [main] INFO  org.UnDosTres.util.PerformAction - Getting the readiness of the page
13:40:35.736 [main] INFO  org.UnDosTres.util.PerformAction - Page is ready
13:40:35.737 [main] INFO  org.UnDosTres.util.PerformAction - Waiting for the element to be clickable-->>[[FirefoxDriver: firefox on WINDOWS (3b63b5c9-80b7-4a6d-ba2c-c5f1b023fe36)] -> name: formsubmit]
13:40:36.401 [main] INFO  org.UnDosTres.util.PerformAction - Successfully moved to the element and clicked-->>[[FirefoxDriver: firefox on WINDOWS (3b63b5c9-80b7-4a6d-ba2c-c5f1b023fe36)] -> name: formsubmit]
13:40:36.405 [main] INFO  UnDosTres - FireFoxBrowser Start Execution of test case ->validatePaymentHasBeenCompletedThroughCard
13:40:36.462 [main] INFO  org.UnDosTres.util.PerformAction - Getting the readiness of the page
13:40:36.490 [main] INFO  org.UnDosTres.util.PerformAction - Page is ready
13:40:36.491 [main] INFO  org.UnDosTres.util.PerformAction - Waiting until field is clickable->[[FirefoxDriver: firefox on WINDOWS (3b63b5c9-80b7-4a6d-ba2c-c5f1b023fe36)] -> css selector: #usrname]
13:40:37.251 [main] INFO  org.UnDosTres.util.PerformAction - Moving to the element-->[[FirefoxDriver: firefox on WINDOWS (3b63b5c9-80b7-4a6d-ba2c-c5f1b023fe36)] -> css selector: #usrname]
13:40:37.263 [main] INFO  org.UnDosTres.util.PerformAction - Clear data from the field if present-->[[FirefoxDriver: firefox on WINDOWS (3b63b5c9-80b7-4a6d-ba2c-c5f1b023fe36)] -> css selector: #usrname]
13:40:37.428 [main] INFO  org.UnDosTres.util.PerformAction - Field has been populated with data-->>automationexcersise@test.com
13:40:37.506 [main] INFO  org.UnDosTres.util.PerformAction - Validate with attribute value that field populated with data-->>automationexcersise@test.com
13:40:37.521 [main] INFO  org.UnDosTres.util.PerformAction - Getting the readiness of the page
13:40:37.529 [main] INFO  org.UnDosTres.util.PerformAction - Page is ready
13:40:37.530 [main] INFO  org.UnDosTres.util.PerformAction - Waiting until field is clickable->[[FirefoxDriver: firefox on WINDOWS (3b63b5c9-80b7-4a6d-ba2c-c5f1b023fe36)] -> css selector: #psw]
13:40:37.698 [main] INFO  org.UnDosTres.util.PerformAction - Moving to the element-->[[FirefoxDriver: firefox on WINDOWS (3b63b5c9-80b7-4a6d-ba2c-c5f1b023fe36)] -> css selector: #psw]
13:40:37.715 [main] INFO  org.UnDosTres.util.PerformAction - Clear data from the field if present-->[[FirefoxDriver: firefox on WINDOWS (3b63b5c9-80b7-4a6d-ba2c-c5f1b023fe36)] -> css selector: #psw]
13:40:37.781 [main] INFO  org.UnDosTres.util.PerformAction - Field has been populated with data-->>123456
13:40:37.845 [main] INFO  org.UnDosTres.util.PerformAction - Validate with attribute value that field populated with data-->>123456
13:40:37.870 [main] INFO  org.UnDosTres.pages.PaymentDetailPage - Number of iframes are 9
13:40:47.939 [main] ERROR org.UnDosTres.pages.PaymentDetailPage - Pop Up Is Still Visbile Unable to check if recharge is successfull 
org.openqa.selenium.NoSuchFrameException: Unable to locate frame: 1
Build info: version: '3.141.59', revision: 'e82be7d358', time: '2018-11-14T08:17:03'
System info: host: 'LAPTOP-S4EEHFLF', ip: '192.168.1.6', os.name: 'Windows 10', os.arch: 'amd64', os.version: '10.0', java.version: '1.8.0_261'
Driver info: org.openqa.selenium.firefox.FirefoxDriver
Capabilities {acceptInsecureCerts: true, browserName: firefox, browserVersion: 81.0, javascriptEnabled: true, moz:accessibilityChecks: false, moz:buildID: 20200917005511, moz:geckodriverVersion: 0.27.0, moz:headless: false, moz:processID: 20360, moz:profile: C:\Users\Sanket\AppData\Loc..., moz:shutdownTimeout: 60000, moz:useNonSpecCompliantPointerOrigin: false, moz:webdriverClick: true, pageLoadStrategy: normal, platform: WINDOWS, platformName: WINDOWS, platformVersion: 10.0, rotatable: false, setWindowRect: true, strictFileInteractability: false, timeouts: {implicit: 0, pageLoad: 300000, script: 30000}, unhandledPromptBehavior: dismiss and notify}
Session ID: 3b63b5c9-80b7-4a6d-ba2c-c5f1b023fe36
	at org.UnDosTres.pages.PaymentDetailPage.fillPopUpAndClickSubmit(PaymentDetailPage.java:165) ~[classes/:?]
	at org.UnDosTres.test.PaymentDetailPageTest.validatePaymentHasBeenCompletedThroughCard(PaymentDetailPageTest.java:95) ~[test-classes/:?]
	at sun.reflect.NativeMethodAccessorImpl.invoke0(Native Method) ~[?:1.8.0_261]
	at sun.reflect.NativeMethodAccessorImpl.invoke(NativeMethodAccessorImpl.java:62) ~[?:1.8.0_261]
	at sun.reflect.DelegatingMethodAccessorImpl.invoke(DelegatingMethodAccessorImpl.java:43) ~[?:1.8.0_261]
	at java.lang.reflect.Method.invoke(Method.java:498) ~[?:1.8.0_261]
	at org.testng.internal.MethodInvocationHelper.invokeMethod(MethodInvocationHelper.java:134) ~[testng-7.1.0.jar:?]
	at org.testng.internal.TestInvoker.invokeMethod(TestInvoker.java:597) ~[testng-7.1.0.jar:?]
	at org.testng.internal.TestInvoker.invokeTestMethod(TestInvoker.java:173) ~[testng-7.1.0.jar:?]
	at org.testng.internal.MethodRunner.runInSequence(MethodRunner.java:46) ~[testng-7.1.0.jar:?]
	at org.testng.internal.TestInvoker$MethodInvocationAgent.invoke(TestInvoker.java:816) ~[testng-7.1.0.jar:?]
	at org.testng.internal.TestInvoker.invokeTestMethods(TestInvoker.java:146) ~[testng-7.1.0.jar:?]
	at org.testng.internal.TestMethodWorker.invokeTestMethods(TestMethodWorker.java:146) ~[testng-7.1.0.jar:?]
	at org.testng.internal.TestMethodWorker.run(TestMethodWorker.java:128) ~[testng-7.1.0.jar:?]
	at java.util.ArrayList.forEach(ArrayList.java:1259) [?:1.8.0_261]
	at org.testng.TestRunner.privateRun(TestRunner.java:766) [testng-7.1.0.jar:?]
	at org.testng.TestRunner.run(TestRunner.java:587) [testng-7.1.0.jar:?]
	at org.testng.SuiteRunner.runTest(SuiteRunner.java:384) [testng-7.1.0.jar:?]
	at org.testng.SuiteRunner.runSequentially(SuiteRunner.java:378) [testng-7.1.0.jar:?]
	at org.testng.SuiteRunner.privateRun(SuiteRunner.java:337) [testng-7.1.0.jar:?]
	at org.testng.SuiteRunner.run(SuiteRunner.java:286) [testng-7.1.0.jar:?]
	at org.testng.SuiteRunnerWorker.runSuite(SuiteRunnerWorker.java:53) [testng-7.1.0.jar:?]
	at org.testng.SuiteRunnerWorker.run(SuiteRunnerWorker.java:96) [testng-7.1.0.jar:?]
	at org.testng.TestNG.runSuitesSequentially(TestNG.java:1187) [testng-7.1.0.jar:?]
	at org.testng.TestNG.runSuitesLocally(TestNG.java:1109) [testng-7.1.0.jar:?]
	at org.testng.TestNG.runSuites(TestNG.java:1039) [testng-7.1.0.jar:?]
	at org.testng.TestNG.run(TestNG.java:1007) [testng-7.1.0.jar:?]
	at org.apache.maven.surefire.testng.TestNGExecutor.run(TestNGExecutor.java:283) [surefire-testng-2.22.1.jar:2.22.1]
	at org.apache.maven.surefire.testng.TestNGXmlTestSuite.execute(TestNGXmlTestSuite.java:75) [surefire-testng-2.22.1.jar:2.22.1]
	at org.apache.maven.surefire.testng.TestNGProvider.invoke(TestNGProvider.java:120) [surefire-testng-2.22.1.jar:2.22.1]
	at org.apache.maven.surefire.booter.ForkedBooter.invokeProviderInSameClassLoader(ForkedBooter.java:384) [surefire-booter-2.22.1.jar:2.22.1]
	at org.apache.maven.surefire.booter.ForkedBooter.runSuitesInProcess(ForkedBooter.java:345) [surefire-booter-2.22.1.jar:2.22.1]
	at org.apache.maven.surefire.booter.ForkedBooter.execute(ForkedBooter.java:126) [surefire-booter-2.22.1.jar:2.22.1]
	at org.apache.maven.surefire.booter.ForkedBooter.main(ForkedBooter.java:418) [surefire-booter-2.22.1.jar:2.22.1]
13:40:47.949 [main] INFO  UnDosTres - Going to take screenshot for test case->validatePaymentHasBeenCompletedThroughCard
13:40:47.949 [main] INFO  UnDosTres - Screenshot has been taken
13:40:48.223 [main] INFO  UnDosTres - Screenshot has been stored in screenshot folder
13:40:49.507 [main] INFO  org.UnDosTres.test.PaymentDetailPageTest - Currently executing PaymentDetail Test cases, Initializing browser Edge
13:40:55.216 [main] INFO  UnDosTres - Browser->edge has been opened successfully
13:41:03.223 [main] INFO  org.UnDosTres.util.PerformAction - Getting the readiness of the page
13:41:05.256 [main] INFO  org.UnDosTres.util.PerformAction - Page is ready
13:41:05.257 [main] INFO  org.UnDosTres.util.PerformAction - Waiting for the element to be clickable-->>[[EdgeDriver: msedge on WINDOWS (09be101bc9ab7f6377312abdf8d0864e)] -> xpath: //div[@to-do="mobile"]/div/div[@class="form"] //input[@name="operator"]]
13:41:05.572 [main] INFO  org.UnDosTres.util.PerformAction - Successfully moved to the element and clicked-->>[[EdgeDriver: msedge on WINDOWS (09be101bc9ab7f6377312abdf8d0864e)] -> xpath: //div[@to-do="mobile"]/div/div[@class="form"] //input[@name="operator"]]
13:41:05.572 [main] INFO  UnDosTres - Click on the operator field to open the operator list
13:41:06.087 [main] INFO  UnDosTres - Oprator list has been found, number of operator in list are->14
13:41:06.087 [main] INFO  org.UnDosTres.util.PerformAction - Getting the readiness of the page
13:41:06.098 [main] INFO  org.UnDosTres.util.PerformAction - Page is ready
13:41:06.098 [main] INFO  org.UnDosTres.util.PerformAction - Getting text with the help of getText method
13:41:06.153 [main] INFO  org.UnDosTres.util.PerformAction - Text has been found with getText method which is-->>Telcel
13:41:06.153 [main] INFO  org.UnDosTres.util.PerformAction - Getting the readiness of the page
13:41:06.164 [main] INFO  org.UnDosTres.util.PerformAction - Page is ready
13:41:06.165 [main] INFO  org.UnDosTres.util.PerformAction - Waiting for the element to be clickable-->>[[EdgeDriver: msedge on WINDOWS (09be101bc9ab7f6377312abdf8d0864e)] -> xpath: //input[@id="suggested"]/../div/ul/li]
13:41:06.660 [main] INFO  org.UnDosTres.util.PerformAction - Successfully moved to the element and clicked-->>[[EdgeDriver: msedge on WINDOWS (09be101bc9ab7f6377312abdf8d0864e)] -> xpath: //input[@id="suggested"]/../div/ul/li]
13:41:06.660 [main] INFO  UnDosTres - Operator selected as Telcel successfully
13:41:06.689 [main] INFO  org.UnDosTres.util.PerformAction - Getting the readiness of the page
13:41:06.700 [main] INFO  org.UnDosTres.util.PerformAction - Page is ready
13:41:06.700 [main] INFO  org.UnDosTres.util.PerformAction - Waiting until field is clickable->[[EdgeDriver: msedge on WINDOWS (09be101bc9ab7f6377312abdf8d0864e)] -> xpath: //div[@to-do="mobile"]/div/div[@class="form"] //input[@name="mobile"]]
13:41:06.892 [main] INFO  org.UnDosTres.util.PerformAction - Moving to the element-->[[EdgeDriver: msedge on WINDOWS (09be101bc9ab7f6377312abdf8d0864e)] -> xpath: //div[@to-do="mobile"]/div/div[@class="form"] //input[@name="mobile"]]
13:41:06.957 [main] INFO  org.UnDosTres.util.PerformAction - Clear data from the field if present-->[[EdgeDriver: msedge on WINDOWS (09be101bc9ab7f6377312abdf8d0864e)] -> xpath: //div[@to-do="mobile"]/div/div[@class="form"] //input[@name="mobile"]]
13:41:07.257 [main] INFO  org.UnDosTres.util.PerformAction - Field has been populated with data-->>5523261151
13:41:07.297 [main] INFO  org.UnDosTres.util.PerformAction - Validate with attribute value that field populated with data-->>5523261151
13:41:07.297 [main] INFO  UnDosTres - Mobile Number->5523261151 has been entered successfully
13:41:07.322 [main] INFO  org.UnDosTres.util.PerformAction - Getting the readiness of the page
13:41:07.334 [main] INFO  org.UnDosTres.util.PerformAction - Page is ready
13:41:07.334 [main] INFO  org.UnDosTres.util.PerformAction - Waiting for the element to be clickable-->>[[EdgeDriver: msedge on WINDOWS (09be101bc9ab7f6377312abdf8d0864e)] -> xpath: //div[@to-do="mobile"]/div/div[@class="form"] //input[@name="amount"]]
13:41:07.698 [main] INFO  org.UnDosTres.util.PerformAction - Successfully moved to the element and clicked-->>[[EdgeDriver: msedge on WINDOWS (09be101bc9ab7f6377312abdf8d0864e)] -> xpath: //div[@to-do="mobile"]/div/div[@class="form"] //input[@name="amount"]]
13:41:07.698 [main] INFO  UnDosTres - Getting recharge type web element Recarga Saldo
13:41:07.737 [main] INFO  UnDosTres - Recharge type webelement has been found successfully
13:41:07.737 [main] INFO  org.UnDosTres.util.PerformAction - Getting the readiness of the page
13:41:07.753 [main] INFO  org.UnDosTres.util.PerformAction - Page is ready
13:41:07.754 [main] INFO  org.UnDosTres.util.PerformAction - Waiting for the element to be clickable-->>[[EdgeDriver: msedge on WINDOWS (09be101bc9ab7f6377312abdf8d0864e)] -> xpath: //div[@class="category-tab "]/div[text()="Recarga Saldo"]]
13:41:08.014 [main] INFO  org.UnDosTres.util.PerformAction - Successfully moved to the element and clicked-->>[[EdgeDriver: msedge on WINDOWS (09be101bc9ab7f6377312abdf8d0864e)] -> xpath: //div[@class="category-tab "]/div[text()="Recarga Saldo"]]
13:41:08.014 [main] INFO  UnDosTres - Click over Recharge type->Recarga Saldo
13:41:08.081 [main] INFO  org.UnDosTres.util.PerformAction - Getting the readiness of the page
13:41:08.093 [main] INFO  org.UnDosTres.util.PerformAction - Page is ready
13:41:08.093 [main] INFO  org.UnDosTres.util.PerformAction - Getting text with the help of getText method
13:41:08.133 [main] INFO  org.UnDosTres.util.PerformAction - Text has been found with getText method which is-->>Recarga Saldo
13:41:09.469 [main] INFO  UnDosTres - Clicked on the amount 10
13:41:09.470 [main] INFO  UnDosTres - Going to click on submit button to move towards payment page
13:41:09.498 [main] INFO  org.UnDosTres.util.PerformAction - Getting the readiness of the page
13:41:09.509 [main] INFO  org.UnDosTres.util.PerformAction - Page is ready
13:41:09.509 [main] INFO  org.UnDosTres.util.PerformAction - Waiting for the element to be clickable-->>[[EdgeDriver: msedge on WINDOWS (09be101bc9ab7f6377312abdf8d0864e)] -> xpath: //div[@to-do="mobile"]/div //button]
13:41:10.208 [main] INFO  org.UnDosTres.util.PerformAction - Successfully moved to the element and clicked-->>[[EdgeDriver: msedge on WINDOWS (09be101bc9ab7f6377312abdf8d0864e)] -> xpath: //div[@to-do="mobile"]/div //button]
13:41:10.208 [main] INFO  UnDosTres - Clicked on perform payment button
13:41:17.392 [main] INFO  org.UnDosTres.util.PerformAction - Getting the readiness of the page
13:41:23.371 [main] INFO  org.UnDosTres.util.PerformAction - Page is ready
13:41:23.372 [main] INFO  org.UnDosTres.util.PerformAction - Waiting for the element to be clickable-->>[[EdgeDriver: msedge on WINDOWS (09be101bc9ab7f6377312abdf8d0864e)] -> xpath: //a[contains(@class,'select-card')]]
13:41:23.763 [main] INFO  org.UnDosTres.util.PerformAction - Successfully moved to the element and clicked-->>[[EdgeDriver: msedge on WINDOWS (09be101bc9ab7f6377312abdf8d0864e)] -> xpath: //a[contains(@class,'select-card')]]
13:41:23.811 [main] INFO  org.UnDosTres.util.PerformAction - Getting the readiness of the page
13:41:23.821 [main] INFO  org.UnDosTres.util.PerformAction - Page is ready
13:41:23.821 [main] INFO  org.UnDosTres.util.PerformAction - Waiting until field is clickable->[[EdgeDriver: msedge on WINDOWS (09be101bc9ab7f6377312abdf8d0864e)] -> xpath: //div[@class="card-info-box"] //input[@name="cardname"]]
13:41:24.044 [main] INFO  org.UnDosTres.util.PerformAction - Moving to the element-->[[EdgeDriver: msedge on WINDOWS (09be101bc9ab7f6377312abdf8d0864e)] -> xpath: //div[@class="card-info-box"] //input[@name="cardname"]]
13:41:24.093 [main] INFO  org.UnDosTres.util.PerformAction - Clear data from the field if present-->[[EdgeDriver: msedge on WINDOWS (09be101bc9ab7f6377312abdf8d0864e)] -> xpath: //div[@class="card-info-box"] //input[@name="cardname"]]
13:41:24.200 [main] INFO  org.UnDosTres.util.PerformAction - Field has been populated with data-->>Test
13:41:24.247 [main] INFO  org.UnDosTres.util.PerformAction - Validate with attribute value that field populated with data-->>Test
13:41:24.295 [main] INFO  org.UnDosTres.util.PerformAction - Getting the readiness of the page
13:41:24.316 [main] INFO  org.UnDosTres.util.PerformAction - Page is ready
13:41:24.316 [main] INFO  org.UnDosTres.util.PerformAction - Waiting until field is clickable->[[EdgeDriver: msedge on WINDOWS (09be101bc9ab7f6377312abdf8d0864e)] -> id: cardnumberunique]
13:41:24.528 [main] INFO  org.UnDosTres.util.PerformAction - Moving to the element-->[[EdgeDriver: msedge on WINDOWS (09be101bc9ab7f6377312abdf8d0864e)] -> id: cardnumberunique]
13:41:24.602 [main] INFO  org.UnDosTres.util.PerformAction - Clear data from the field if present-->[[EdgeDriver: msedge on WINDOWS (09be101bc9ab7f6377312abdf8d0864e)] -> id: cardnumberunique]
13:41:24.757 [main] INFO  org.UnDosTres.util.PerformAction - Field has been populated with data-->>4111111111111111
13:41:24.796 [main] INFO  org.UnDosTres.util.PerformAction - Validate with attribute value that field populated with data-->>4111111111111111
13:41:24.833 [main] INFO  org.UnDosTres.util.PerformAction - Getting the readiness of the page
13:41:24.844 [main] INFO  org.UnDosTres.util.PerformAction - Page is ready
13:41:24.844 [main] INFO  org.UnDosTres.util.PerformAction - Waiting until field is clickable->[[EdgeDriver: msedge on WINDOWS (09be101bc9ab7f6377312abdf8d0864e)] -> xpath: //div[@class="card-info-box"] //input[@name="expmonth"]]
13:41:25.015 [main] INFO  org.UnDosTres.util.PerformAction - Moving to the element-->[[EdgeDriver: msedge on WINDOWS (09be101bc9ab7f6377312abdf8d0864e)] -> xpath: //div[@class="card-info-box"] //input[@name="expmonth"]]
13:41:25.118 [main] INFO  org.UnDosTres.util.PerformAction - Clear data from the field if present-->[[EdgeDriver: msedge on WINDOWS (09be101bc9ab7f6377312abdf8d0864e)] -> xpath: //div[@class="card-info-box"] //input[@name="expmonth"]]
13:41:25.237 [main] INFO  org.UnDosTres.util.PerformAction - Field has been populated with data-->>11
13:41:25.280 [main] INFO  org.UnDosTres.util.PerformAction - Validate with attribute value that field populated with data-->>11
13:41:25.297 [main] INFO  org.UnDosTres.util.PerformAction - Getting the readiness of the page
13:41:25.308 [main] INFO  org.UnDosTres.util.PerformAction - Page is ready
13:41:25.308 [main] INFO  org.UnDosTres.util.PerformAction - Waiting until field is clickable->[[EdgeDriver: msedge on WINDOWS (09be101bc9ab7f6377312abdf8d0864e)] -> xpath: //div[@class="card-info-box"] //input[@name="expyear"]]
13:41:25.479 [main] INFO  org.UnDosTres.util.PerformAction - Moving to the element-->[[EdgeDriver: msedge on WINDOWS (09be101bc9ab7f6377312abdf8d0864e)] -> xpath: //div[@class="card-info-box"] //input[@name="expyear"]]
13:41:25.528 [main] INFO  org.UnDosTres.util.PerformAction - Clear data from the field if present-->[[EdgeDriver: msedge on WINDOWS (09be101bc9ab7f6377312abdf8d0864e)] -> xpath: //div[@class="card-info-box"] //input[@name="expyear"]]
13:41:25.610 [main] INFO  org.UnDosTres.util.PerformAction - Field has been populated with data-->>2025
13:41:25.645 [main] INFO  org.UnDosTres.util.PerformAction - Validate with attribute value that field populated with data-->>2025
13:41:25.672 [main] INFO  org.UnDosTres.util.PerformAction - Getting the readiness of the page
13:41:25.682 [main] INFO  org.UnDosTres.util.PerformAction - Page is ready
13:41:25.682 [main] INFO  org.UnDosTres.util.PerformAction - Waiting until field is clickable->[[EdgeDriver: msedge on WINDOWS (09be101bc9ab7f6377312abdf8d0864e)] -> xpath: //div[@class="card-info-box"] //input[@name="cvvno"]]
13:41:25.869 [main] INFO  org.UnDosTres.util.PerformAction - Moving to the element-->[[EdgeDriver: msedge on WINDOWS (09be101bc9ab7f6377312abdf8d0864e)] -> xpath: //div[@class="card-info-box"] //input[@name="cvvno"]]
13:41:25.978 [main] INFO  org.UnDosTres.util.PerformAction - Clear data from the field if present-->[[EdgeDriver: msedge on WINDOWS (09be101bc9ab7f6377312abdf8d0864e)] -> xpath: //div[@class="card-info-box"] //input[@name="cvvno"]]
13:41:26.209 [main] INFO  org.UnDosTres.util.PerformAction - Field has been populated with data-->>111
13:41:26.301 [main] INFO  org.UnDosTres.util.PerformAction - Validate with attribute value that field populated with data-->>111
13:41:26.360 [main] INFO  org.UnDosTres.util.PerformAction - Getting the readiness of the page
13:41:26.379 [main] INFO  org.UnDosTres.util.PerformAction - Page is ready
13:41:26.379 [main] INFO  org.UnDosTres.util.PerformAction - Waiting until field is clickable->[[EdgeDriver: msedge on WINDOWS (09be101bc9ab7f6377312abdf8d0864e)] -> css selector: div#email_block input.email]
13:41:26.617 [main] INFO  org.UnDosTres.util.PerformAction - Moving to the element-->[[EdgeDriver: msedge on WINDOWS (09be101bc9ab7f6377312abdf8d0864e)] -> css selector: div#email_block input.email]
13:41:26.690 [main] INFO  org.UnDosTres.util.PerformAction - Clear data from the field if present-->[[EdgeDriver: msedge on WINDOWS (09be101bc9ab7f6377312abdf8d0864e)] -> css selector: div#email_block input.email]
13:41:26.875 [main] INFO  org.UnDosTres.util.PerformAction - Field has been populated with data-->>test@test.com
13:41:26.951 [main] INFO  org.UnDosTres.util.PerformAction - Validate with attribute value that field populated with data-->>test@test.com
13:41:26.980 [main] INFO  org.UnDosTres.util.PerformAction - Getting the readiness of the page
13:41:26.994 [main] INFO  org.UnDosTres.util.PerformAction - Page is ready
13:41:26.994 [main] INFO  org.UnDosTres.util.PerformAction - Waiting for the element to be clickable-->>[[EdgeDriver: msedge on WINDOWS (09be101bc9ab7f6377312abdf8d0864e)] -> name: formsubmit]
13:41:27.635 [main] INFO  org.UnDosTres.util.PerformAction - Successfully moved to the element and clicked-->>[[EdgeDriver: msedge on WINDOWS (09be101bc9ab7f6377312abdf8d0864e)] -> name: formsubmit]
13:41:27.636 [main] INFO  UnDosTres - EdgeBrowser Start Execution of test case ->validatePaymentHasBeenCompletedThroughCard
13:41:27.727 [main] INFO  org.UnDosTres.util.PerformAction - Getting the readiness of the page
13:41:27.738 [main] INFO  org.UnDosTres.util.PerformAction - Page is ready
13:41:27.740 [main] INFO  org.UnDosTres.util.PerformAction - Waiting until field is clickable->[[EdgeDriver: msedge on WINDOWS (09be101bc9ab7f6377312abdf8d0864e)] -> css selector: #usrname]
13:41:28.518 [main] INFO  org.UnDosTres.util.PerformAction - Moving to the element-->[[EdgeDriver: msedge on WINDOWS (09be101bc9ab7f6377312abdf8d0864e)] -> css selector: #usrname]
13:41:28.642 [main] INFO  org.UnDosTres.util.PerformAction - Clear data from the field if present-->[[EdgeDriver: msedge on WINDOWS (09be101bc9ab7f6377312abdf8d0864e)] -> css selector: #usrname]
13:41:28.956 [main] INFO  org.UnDosTres.util.PerformAction - Field has been populated with data-->>automationexcersise@test.com
13:41:28.983 [main] INFO  org.UnDosTres.util.PerformAction - Validate with attribute value that field populated with data-->>automationexcersise@test.com
13:41:29.002 [main] INFO  org.UnDosTres.util.PerformAction - Getting the readiness of the page
13:41:29.010 [main] INFO  org.UnDosTres.util.PerformAction - Page is ready
13:41:29.010 [main] INFO  org.UnDosTres.util.PerformAction - Waiting until field is clickable->[[EdgeDriver: msedge on WINDOWS (09be101bc9ab7f6377312abdf8d0864e)] -> css selector: #psw]
13:41:29.205 [main] INFO  org.UnDosTres.util.PerformAction - Moving to the element-->[[EdgeDriver: msedge on WINDOWS (09be101bc9ab7f6377312abdf8d0864e)] -> css selector: #psw]
13:41:29.320 [main] INFO  org.UnDosTres.util.PerformAction - Clear data from the field if present-->[[EdgeDriver: msedge on WINDOWS (09be101bc9ab7f6377312abdf8d0864e)] -> css selector: #psw]
13:41:29.494 [main] INFO  org.UnDosTres.util.PerformAction - Field has been populated with data-->>123456
13:41:29.530 [main] INFO  org.UnDosTres.util.PerformAction - Validate with attribute value that field populated with data-->>123456
13:41:29.549 [main] INFO  org.UnDosTres.pages.PaymentDetailPage - Number of iframes are 9
13:41:29.665 [main] INFO  org.UnDosTres.util.PerformAction - Getting the readiness of the page
13:41:29.677 [main] INFO  org.UnDosTres.util.PerformAction - Page is ready
13:41:29.678 [main] INFO  org.UnDosTres.util.PerformAction - Waiting for the element to be clickable-->>[[EdgeDriver: msedge on WINDOWS (09be101bc9ab7f6377312abdf8d0864e)] -> css selector: #recaptcha-anchor]
13:41:30.194 [main] INFO  org.UnDosTres.util.PerformAction - Successfully moved to the element and clicked-->>[[EdgeDriver: msedge on WINDOWS (09be101bc9ab7f6377312abdf8d0864e)] -> css selector: #recaptcha-anchor]
13:41:30.217 [main] INFO  org.UnDosTres.util.PerformAction - Getting the readiness of the page
13:41:30.226 [main] INFO  org.UnDosTres.util.PerformAction - Page is ready
13:41:30.226 [main] INFO  org.UnDosTres.util.PerformAction - Waiting for the element to be clickable-->>[[EdgeDriver: msedge on WINDOWS (09be101bc9ab7f6377312abdf8d0864e)] -> css selector: button#loginBtn]
13:41:31.519 [main] INFO  org.UnDosTres.util.PerformAction - Successfully moved to the element and clicked-->>[[EdgeDriver: msedge on WINDOWS (09be101bc9ab7f6377312abdf8d0864e)] -> css selector: button#loginBtn]
13:41:31.519 [main] ERROR org.UnDosTres.pages.PaymentDetailPage - Waiting for invisibility of the pop up and naviagtion to payment done page
13:41:52.062 [main] ERROR org.UnDosTres.pages.PaymentDetailPage - Pop Up Is Still Visbile Unable to check if recharge is successfull 
org.openqa.selenium.TimeoutException: Expected condition failed: waiting for element to no longer be visible: By.cssSelector: img.fbloginButton (tried for 20 second(s) with 2000 milliseconds interval)
Build info: version: '3.141.59', revision: 'e82be7d358', time: '2018-11-14T08:17:03'
System info: host: 'LAPTOP-S4EEHFLF', ip: '192.168.1.6', os.name: 'Windows 10', os.arch: 'amd64', os.version: '10.0', java.version: '1.8.0_261'
Driver info: driver.version: unknown
	at org.UnDosTres.pages.PaymentDetailPage.fillPopUpAndClickSubmit(PaymentDetailPage.java:165) ~[classes/:?]
	at org.UnDosTres.test.PaymentDetailPageTest.validatePaymentHasBeenCompletedThroughCard(PaymentDetailPageTest.java:95) ~[test-classes/:?]
	at sun.reflect.NativeMethodAccessorImpl.invoke0(Native Method) ~[?:1.8.0_261]
	at sun.reflect.NativeMethodAccessorImpl.invoke(NativeMethodAccessorImpl.java:62) ~[?:1.8.0_261]
	at sun.reflect.DelegatingMethodAccessorImpl.invoke(DelegatingMethodAccessorImpl.java:43) ~[?:1.8.0_261]
	at java.lang.reflect.Method.invoke(Method.java:498) ~[?:1.8.0_261]
	at org.testng.internal.MethodInvocationHelper.invokeMethod(MethodInvocationHelper.java:134) ~[testng-7.1.0.jar:?]
	at org.testng.internal.TestInvoker.invokeMethod(TestInvoker.java:597) ~[testng-7.1.0.jar:?]
	at org.testng.internal.TestInvoker.invokeTestMethod(TestInvoker.java:173) ~[testng-7.1.0.jar:?]
	at org.testng.internal.MethodRunner.runInSequence(MethodRunner.java:46) ~[testng-7.1.0.jar:?]
	at org.testng.internal.TestInvoker$MethodInvocationAgent.invoke(TestInvoker.java:816) ~[testng-7.1.0.jar:?]
	at org.testng.internal.TestInvoker.invokeTestMethods(TestInvoker.java:146) ~[testng-7.1.0.jar:?]
	at org.testng.internal.TestMethodWorker.invokeTestMethods(TestMethodWorker.java:146) ~[testng-7.1.0.jar:?]
	at org.testng.internal.TestMethodWorker.run(TestMethodWorker.java:128) ~[testng-7.1.0.jar:?]
	at java.util.ArrayList.forEach(ArrayList.java:1259) [?:1.8.0_261]
	at org.testng.TestRunner.privateRun(TestRunner.java:766) [testng-7.1.0.jar:?]
	at org.testng.TestRunner.run(TestRunner.java:587) [testng-7.1.0.jar:?]
	at org.testng.SuiteRunner.runTest(SuiteRunner.java:384) [testng-7.1.0.jar:?]
	at org.testng.SuiteRunner.runSequentially(SuiteRunner.java:378) [testng-7.1.0.jar:?]
	at org.testng.SuiteRunner.privateRun(SuiteRunner.java:337) [testng-7.1.0.jar:?]
	at org.testng.SuiteRunner.run(SuiteRunner.java:286) [testng-7.1.0.jar:?]
	at org.testng.SuiteRunnerWorker.runSuite(SuiteRunnerWorker.java:53) [testng-7.1.0.jar:?]
	at org.testng.SuiteRunnerWorker.run(SuiteRunnerWorker.java:96) [testng-7.1.0.jar:?]
	at org.testng.TestNG.runSuitesSequentially(TestNG.java:1187) [testng-7.1.0.jar:?]
	at org.testng.TestNG.runSuitesLocally(TestNG.java:1109) [testng-7.1.0.jar:?]
	at org.testng.TestNG.runSuites(TestNG.java:1039) [testng-7.1.0.jar:?]
	at org.testng.TestNG.run(TestNG.java:1007) [testng-7.1.0.jar:?]
	at org.apache.maven.surefire.testng.TestNGExecutor.run(TestNGExecutor.java:283) [surefire-testng-2.22.1.jar:2.22.1]
	at org.apache.maven.surefire.testng.TestNGXmlTestSuite.execute(TestNGXmlTestSuite.java:75) [surefire-testng-2.22.1.jar:2.22.1]
	at org.apache.maven.surefire.testng.TestNGProvider.invoke(TestNGProvider.java:120) [surefire-testng-2.22.1.jar:2.22.1]
	at org.apache.maven.surefire.booter.ForkedBooter.invokeProviderInSameClassLoader(ForkedBooter.java:384) [surefire-booter-2.22.1.jar:2.22.1]
	at org.apache.maven.surefire.booter.ForkedBooter.runSuitesInProcess(ForkedBooter.java:345) [surefire-booter-2.22.1.jar:2.22.1]
	at org.apache.maven.surefire.booter.ForkedBooter.execute(ForkedBooter.java:126) [surefire-booter-2.22.1.jar:2.22.1]
	at org.apache.maven.surefire.booter.ForkedBooter.main(ForkedBooter.java:418) [surefire-booter-2.22.1.jar:2.22.1]
13:41:52.066 [main] INFO  UnDosTres - Going to take screenshot for test case->validatePaymentHasBeenCompletedThroughCard
13:41:52.066 [main] INFO  UnDosTres - Screenshot has been taken
13:41:52.524 [main] INFO  UnDosTres - Screenshot has been stored in screenshot folder
